{
  "comments": [
    {
      "unresolved": true,
      "key": {
        "uuid": "929320c2_e834789e",
        "filename": "/PATCHSET_LEVEL",
        "patchSetId": 1
      },
      "lineNbr": 0,
      "author": {
        "id": 1000885
      },
      "writtenOn": "2022-04-07T18:06:56Z",
      "side": 1,
      "message": "it seems like this will cause an issue with gtest\n\n```\n/usr/local/include/gmock/gmock-matchers.h:3228:8:   required from here\n/usr/local/include/gmock/gmock-matchers.h:3238:43: error: no type named \u0027const_iterator\u0027 in \u0027testing::internal::ElementsAreMatcherImpl\u003cconst std::span\u003cconst std::byte\u003e\u0026\u003e::StlContainer\u0027 {aka \u0027class std::span\u003cconst std::byte\u003e\u0027}\n/usr/local/include/gmock/gmock-matchers.h:3238:43: error: no type named \u0027const_iterator\u0027 in \u0027testing::internal::ElementsAreMatcherImpl\u003cconst std::span\u003cconst std::byte\u003e\u0026\u003e::StlContainer\u0027 {aka \u0027class std::span\u003cconst std::byte\u003e\u0027}\n```",
      "revId": "4bbdd90294e3d02ea29d0b506004ca31b9708e28",
      "serverId": "adbd0a64-1f21-4d83-b585-671fe73cb6e4"
    }
  ]
}